[Sun Jan 02 06:45:01 UTC 2022][INFO] [JNI] JVM created successfully
[Sun Jan 02 06:45:12 UTC 2022][INFO] UploadCrashReport Started
[Sun Jan 02 06:45:12 UTC 2022][ERROR] Error reading last App launched time from Appdata
[Sun Jan 02 06:45:12 UTC 2022][INFO] Crash report not found
[Sun Jan 02 06:45:12 UTC 2022][INFO] App locale set to en
[Sun Jan 02 06:45:13 UTC 2022][INFO] Detected OS locale is en Supported OS locale is en
[Sun Jan 02 06:45:13 UTC 2022][INFO] Launching the check thread for 1.62.1.0 version
[Sun Jan 02 06:45:13 UTC 2022][INFO] Checking for updates...
[Sun Jan 02 06:45:14 UTC 2022][INFO] Processing response
[Sun Jan 02 06:45:14 UTC 2022][INFO] Unable to find new update: already on latest version.
[Sun Jan 02 06:46:00 UTC 2022][INFO] Waiting for the old Check Thread to stop
[Sun Jan 02 06:46:00 UTC 2022][INFO] Stopped the old Check Thread. isSuccessfull ? true
[Sun Jan 02 06:46:00 UTC 2022][INFO] Logger Terminated
[Sun Jan 02 06:46:01 UTC 2022][INFO] [JNI] JVM created successfully
[Sun Jan 02 06:46:13 UTC 2022][INFO] UploadCrashReport Started
[Sun Jan 02 06:46:13 UTC 2022][INFO] Crash report not found
[Sun Jan 02 06:46:13 UTC 2022][INFO] App locale set to en
[Sun Jan 02 06:46:13 UTC 2022][INFO] Detected OS locale is en Supported OS locale is en
[Sun Jan 02 06:46:13 UTC 2022][INFO] Launching the check thread for 1.62.1.0 version
[Sun Jan 02 06:46:13 UTC 2022][INFO] Checking for updates...
[Sun Jan 02 06:46:14 UTC 2022][INFO] Processing response
[Sun Jan 02 06:46:14 UTC 2022][INFO] Unable to find new update: already on latest version.
[Sun Jan 02 06:47:06 UTC 2022][INFO] [Action] EE NewBook
[Sun Jan 02 06:47:06 UTC 2022][INFO] [Action] EFail NewBook - 4
[Sun Jan 02 06:47:06 UTC 2022][INFO] NewBookEvent handled
[Sun Jan 02 06:52:28 UTC 2022][INFO] Waiting for the old Check Thread to stop
[Sun Jan 02 06:52:28 UTC 2022][INFO] Stopped the old Check Thread. isSuccessfull ? true
[Sun Jan 02 06:52:28 UTC 2022][INFO] Logger Terminated
